{"name": "TC007: Add item to the cart after clicking on product", "status": "broken", "statusDetails": {"message": "selenium.common.exceptions.TimeoutException: Message: \nStacktrace:\n\tGetHandleVerifier [0x00F84DE3+43907]\n\t(No symbol) [0x00F10741]\n\t(No symbol) [0x00E033ED]\n\t(No symbol) [0x00E36760]\n\t(No symbol) [0x00E36C2B]\n\t(No symbol) [0x00E66F62]\n\t(No symbol) [0x00E52BA4]\n\t(No symbol) [0x00E655CA]\n\t(No symbol) [0x00E52956]\n\t(No symbol) [0x00E2E17E]\n\t(No symbol) [0x00E2F32D]\n\tGetHandleVerifier [0x01235AF9+2865305]\n\tGetHandleVerifier [0x0127E78B+3163435]\n\tGetHandleVerifier [0x01278441+3138017]\n\tGetHandleVerifier [0x0100E0F0+605840]\n\t(No symbol) [0x00F1A64C]\n\t(No symbol) [0x00F16638]\n\t(No symbol) [0x00F1675F]\n\t(No symbol) [0x00F08DB7]\n\tBaseThreadInitThunk [0x763B00C9+25]\n\tRtlGetAppContainerNamedObjectPath [0x77117B1E+286]\n\tRtlGetAppContainerNamedObjectPath [0x77117AEE+238]", "trace": "self = <Tests.test_sauce_demo.TestSauceDemo object at 0x00000180A270D648>\nusername = 'standard_user', password = 'secret_sauce'\n\n    @allure.title(\"TC007: Add item to the cart after clicking on product\")\n    @pytest.mark.module_login\n    @pytest.mark.parametrize(\"username,password\", get_data(\"login_details.csv\"))\n    def test_add_item_to_the_cart_from_product(self, username, password):\n        self.search_page = SauceDemoPage(self.driver)\n        self.product_page = SauceDemoProductPage(self.driver)\n        self.search_page.navigate_to_page(config_data.url)\n        self.search_page.login_to_page(username, password)\n        self.product_page.initial_bagpack_count()\n>       self.product_page.add_product_to_cart(product_name=\"Sauce Labs Backpack\")\n\ntest_sauce_demo.py:73: \n_ _ _ _ _ _ _ _ _ _ _ _ _ _ _ _ _ _ _ _ _ _ _ _ _ _ _ _ _ _ _ _ _ _ _ _ _ _ _ _\n..\\Pages\\SauceDemoProduct_Page.py:44: in add_product_to_cart\n    self.click_on_element(self.any_product_name).format(product_name)\n..\\KeywordLibrary\\keyword.py:25: in click_on_element\n    WebDriverWait(self.driver, 10).until(EC.visibility_of_element_located(locator)).click()\n_ _ _ _ _ _ _ _ _ _ _ _ _ _ _ _ _ _ _ _ _ _ _ _ _ _ _ _ _ _ _ _ _ _ _ _ _ _ _ _\n\nself = <selenium.webdriver.support.wait.WebDriverWait (session=\"f6840d4ecb4dd15d042d382122328f23\")>\nmethod = <function visibility_of_element_located.<locals>._predicate at 0x00000180A26EB948>\nmessage = ''\n\n    def until(self, method, message: str = \"\"):\n        \"\"\"Calls the method provided with the driver as an argument until the \\\n        return value does not evaluate to ``False``.\n    \n        :param method: callable(WebDriver)\n        :param message: optional message for :exc:`TimeoutException`\n        :returns: the result of the last call to `method`\n        :raises: :exc:`selenium.common.exceptions.TimeoutException` if timeout occurs\n        \"\"\"\n        screen = None\n        stacktrace = None\n    \n        end_time = time.monotonic() + self._timeout\n        while True:\n            try:\n                value = method(self._driver)\n                if value:\n                    return value\n            except self._ignored_exceptions as exc:\n                screen = getattr(exc, \"screen\", None)\n                stacktrace = getattr(exc, \"stacktrace\", None)\n            time.sleep(self._poll)\n            if time.monotonic() > end_time:\n                break\n>       raise TimeoutException(message, screen, stacktrace)\nE       selenium.common.exceptions.TimeoutException: Message: \nE       Stacktrace:\nE       \tGetHandleVerifier [0x00F84DE3+43907]\nE       \t(No symbol) [0x00F10741]\nE       \t(No symbol) [0x00E033ED]\nE       \t(No symbol) [0x00E36760]\nE       \t(No symbol) [0x00E36C2B]\nE       \t(No symbol) [0x00E66F62]\nE       \t(No symbol) [0x00E52BA4]\nE       \t(No symbol) [0x00E655CA]\nE       \t(No symbol) [0x00E52956]\nE       \t(No symbol) [0x00E2E17E]\nE       \t(No symbol) [0x00E2F32D]\nE       \tGetHandleVerifier [0x01235AF9+2865305]\nE       \tGetHandleVerifier [0x0127E78B+3163435]\nE       \tGetHandleVerifier [0x01278441+3138017]\nE       \tGetHandleVerifier [0x0100E0F0+605840]\nE       \t(No symbol) [0x00F1A64C]\nE       \t(No symbol) [0x00F16638]\nE       \t(No symbol) [0x00F1675F]\nE       \t(No symbol) [0x00F08DB7]\nE       \tBaseThreadInitThunk [0x763B00C9+25]\nE       \tRtlGetAppContainerNamedObjectPath [0x77117B1E+286]\nE       \tRtlGetAppContainerNamedObjectPath [0x77117AEE+238]\n\n..\\venv\\lib\\site-packages\\selenium\\webdriver\\support\\wait.py:95: TimeoutException"}, "steps": [{"name": "Navigate to page", "status": "passed", "attachments": [{"name": "Screenshot", "source": "7f27e43e-6d03-4f11-9446-b693b053545a-attachment.png", "type": "image/png"}], "parameters": [{"name": "url", "value": "'https://www.saucedemo.com/'"}], "start": 1698054957604, "stop": 1698054958656}, {"name": "Login to Page", "status": "passed", "attachments": [{"name": "Screenshot", "source": "76cdf964-e2e1-4737-b4e6-f01faa7b90bc-attachment.png", "type": "image/png"}], "parameters": [{"name": "username", "value": "'standard_user'"}, {"name": "password", "value": "'secret_sauce'"}], "start": 1698054958656, "stop": 1698054959407}, {"name": "check if cart is empty", "status": "passed", "attachments": [{"name": "Screenshot", "source": "6d464a70-df42-4806-9333-98fdcbfcc46f-attachment.png", "type": "image/png"}], "start": 1698054959408, "stop": 1698054959617}, {"name": "Add specific product to cart", "status": "broken", "statusDetails": {"message": "selenium.common.exceptions.TimeoutException: Message: \nStacktrace:\n\tGetHandleVerifier [0x00F84DE3+43907]\n\t(No symbol) [0x00F10741]\n\t(No symbol) [0x00E033ED]\n\t(No symbol) [0x00E36760]\n\t(No symbol) [0x00E36C2B]\n\t(No symbol) [0x00E66F62]\n\t(No symbol) [0x00E52BA4]\n\t(No symbol) [0x00E655CA]\n\t(No symbol) [0x00E52956]\n\t(No symbol) [0x00E2E17E]\n\t(No symbol) [0x00E2F32D]\n\tGetHandleVerifier [0x01235AF9+2865305]\n\tGetHandleVerifier [0x0127E78B+3163435]\n\tGetHandleVerifier [0x01278441+3138017]\n\tGetHandleVerifier [0x0100E0F0+605840]\n\t(No symbol) [0x00F1A64C]\n\t(No symbol) [0x00F16638]\n\t(No symbol) [0x00F1675F]\n\t(No symbol) [0x00F08DB7]\n\tBaseThreadInitThunk [0x763B00C9+25]\n\tRtlGetAppContainerNamedObjectPath [0x77117B1E+286]\n\tRtlGetAppContainerNamedObjectPath [0x77117AEE+238]\n\n", "trace": "  File \"C:\\Users\\HARSHIT\\PycharmProjects\\TestSauceDemo\\venv\\lib\\site-packages\\allure_commons\\_allure.py\", line 192, in impl\n    return func(*a, **kw)\n  File \"C:\\Users\\HARSHIT\\PycharmProjects\\TestSauceDemo\\Pages\\SauceDemoProduct_Page.py\", line 44, in add_product_to_cart\n    self.click_on_element(self.any_product_name).format(product_name)\n  File \"C:\\Users\\HARSHIT\\PycharmProjects\\TestSauceDemo\\KeywordLibrary\\keyword.py\", line 25, in click_on_element\n    WebDriverWait(self.driver, 10).until(EC.visibility_of_element_located(locator)).click()\n  File \"C:\\Users\\HARSHIT\\PycharmProjects\\TestSauceDemo\\venv\\lib\\site-packages\\selenium\\webdriver\\support\\wait.py\", line 95, in until\n    raise TimeoutException(message, screen, stacktrace)\n"}, "parameters": [{"name": "product_name", "value": "'Sauce Labs Backpack'"}], "start": 1698054959617, "stop": 1698054969944}], "attachments": [{"name": "log", "source": "f4a98d93-4182-4e3c-a21b-f9d27c2e2903-attachment.txt", "type": "text/plain"}], "parameters": [{"name": "init_driver", "value": "'chrome'"}, {"name": "username", "value": "'standard_user'"}, {"name": "password", "value": "'secret_sauce'"}], "start": 1698054957604, "stop": 1698054970075, "uuid": "7ea3d5e9-7d27-4ed7-94db-cae7b63c86ea", "historyId": "6a1e33acac7cadfe7515f1d4b2f223cb", "testCaseId": "6e89af48599d1e21531bdcc47a407bc0", "fullName": "Tests.test_sauce_demo.TestSauceDemo#test_add_item_to_the_cart_from_product", "labels": [{"name": "tag", "value": "module_login"}, {"name": "tag", "value": "@pytest.mark.usefixtures('init_driver')"}, {"name": "parentSuite", "value": "Tests"}, {"name": "suite", "value": "test_sauce_demo"}, {"name": "subSuite", "value": "TestSauceDemo"}, {"name": "host", "value": "LAPTOP-GD9QH2A1"}, {"name": "thread", "value": "8480-MainThread"}, {"name": "framework", "value": "pytest"}, {"name": "language", "value": "cpython3"}, {"name": "package", "value": "Tests.test_sauce_demo"}]}